[2025-06-11T04:07:37.419332Z] Orchestrator started.
[2025-06-11T04:07:37.419771Z] 
=== Processing hypothesis-python/src/hypothesis/internal/conjecture/choice.py ===
[2025-06-11T04:07:37.419954Z] Loaded Python file: hypothesis-python/src/hypothesis/internal/conjecture/choice.py
[2025-06-11T04:07:37.420010Z] RUN AGENT: Create an exhaustive TODO list by analyzing the provided Python code, scanning local Rust files for partial ports. Return a detailed plan categorised into: 1) functions still needing porting; 2) sub-optimal ports; 3) incorrect ports. Respond only with the plan and TODO list. Respond with 'None' if there's nothing left to do.
[2025-06-11T04:08:30.032807Z] OUTPUT: Based on my analysis of the Python code and scan of the local directory (which contains no Rust files), here is the comprehensive TODO list for porting the choice/data module:

## Exhaustive TODO List for Porting Python Choice/Data Module to Rust

### 1) Functions Still Needing Porting (Complete Module - No Existing Rust Implementation Found)

**Core Type Definitions:**
- [ ] Port `IntegerConstraints`, `FloatConstraints`, `StringConstraints`, `BytesConstraints`, `BooleanConstraints` TypedDict structures to Rust structs
- [ ] Port `ChoiceT`, `ChoiceConstraintsT`, `ChoiceTypeT`, `ChoiceKeyT` type aliases to Rust enums/types

**Core Classes:**
- [ ] Port `ChoiceTemplate` class with `type` and `count` fields
- [ ] Port `ChoiceNode` class with all methods:
  - [ ] `copy()` method with `with_value` and `with_constraints` parameters
  - [ ] `trivial` property with complex float handling logic
  - [ ] `__eq__()` and `__hash__()` implementations
  - [ ] `__repr__()` method

**Collection Utility Functions:**
- [ ] Port `_size_to_index()` - converts size to index using geometric series
- [ ] Port `_index_to_size()` - inverse function with float precision fallback logic
- [ ] Port `collection_index()` - orders collections by size and element ordering
- [ ] Port `collection_value()` - inverse of collection_index with BUFFER_SIZE check

**Integer Ordering Functions:**
- [ ] Port `zigzag_index()` - maps integers to zigzag ordering around shrink_towards
- [ ] Port `zigzag_value()` - inverse of zigzag_index

**Main Choice Functions:**
- [ ] Port `choice_to_index()` - complex function handling all choice types:
  - [ ] Integer handling (unbounded, semi-bounded, bounded cases)
  - [ ] Boolean handling with probability constraints
  - [ ] Bytes handling using collection_index
  - [ ] String handling with IntervalSet integration
  - [ ] Float handling with lexicographic ordering
- [ ] Port `choice_from_index()` - inverse of choice_to_index with same complexity
- [ ] Port `choice_permitted()` - validates choices against constraints for all types

**Utility Functions:**
- [ ] Port `choices_key()` and `choice_key()` - create hashable keys from choices
- [ ] Port `choice_equal()` - proper equality comparison handling float edge cases
- [ ] Port `choice_constraints_equal()` and `choice_constraints_key()` - constraint comparison
- [ ] Port `choices_size()` - calculates serialized size of choices

**Dependencies to Port/Import:**
- [ ] `IntervalSet` from `hypothesis.internal.intervalsets`
- [ ] Float utilities: `float_to_lex`, `lex_to_float`, `float_to_int`, `make_float_clamper`, `sign_aware_lte`
- [ ] `ChoiceTooLarge` error type
- [ ] `BUFFER_SIZE` constant from engine
- [ ] Database utilities: `choices_to_bytes`

### 2) Sub-optimal Ports
None found (no existing Rust implementation)

### 3) Incorrect Ports  
None found (no existing Rust implementation)

**Summary:** This is a complete greenfield port requiring implementation of ~20 functions, 2 main classes, 5 constraint types, and various utility functions. The most complex parts will be the choice indexing algorithms and float handling with proper IEEE 754 edge case support.
--- End of output ---
[2025-06-11T04:08:30.033492Z] Iteration 1 for hypothesis-python/src/hypothesis/internal/conjecture/choice.py
[2025-06-11T04:08:30.033545Z] RUN AGENT: TestGenerator: Using PyO3 and FFI, write exhaustive, non-passing stub Rust tests in 'verification-tests'. Each test should call the original Python functions via PyO3, compare Python output to Rust output, and deliberately fail. Organise tests per TODO item in the plan and ensure they run under the verification framework. Output only the generated test code.
